Determining if the include file features.h exists failed with the following output:
Change Dir: /Users/bond/braid/webkit/CMakeFiles/CMakeTmp

Run Build Command:"/usr/bin/make" "cmTC_6d52c/fast"
/Applications/Xcode.app/Contents/Developer/usr/bin/make -f CMakeFiles/cmTC_6d52c.dir/build.make CMakeFiles/cmTC_6d52c.dir/build
Building C object CMakeFiles/cmTC_6d52c.dir/CheckIncludeFile.c.o
/Applications/Xcode.app/Contents/Developer/Toolchains/XcodeDefault.xctoolchain/usr/bin/cc   -fno-exceptions -fno-strict-aliasing -Qunused-arguments    -o CMakeFiles/cmTC_6d52c.dir/CheckIncludeFile.c.o   -c /Users/bond/braid/webkit/CMakeFiles/CMakeTmp/CheckIncludeFile.c
/Users/bond/braid/webkit/CMakeFiles/CMakeTmp/CheckIncludeFile.c:1:10: fatal error: 'features.h' file not found
#include <features.h>
         ^
1 error generated.
make[1]: *** [CMakeFiles/cmTC_6d52c.dir/CheckIncludeFile.c.o] Error 1
make: *** [cmTC_6d52c/fast] Error 2


Determining if the include file pthread_np.h exists failed with the following output:
Change Dir: /Users/bond/braid/webkit/CMakeFiles/CMakeTmp

Run Build Command:"/usr/bin/make" "cmTC_d651a/fast"
/Applications/Xcode.app/Contents/Developer/usr/bin/make -f CMakeFiles/cmTC_d651a.dir/build.make CMakeFiles/cmTC_d651a.dir/build
Building C object CMakeFiles/cmTC_d651a.dir/CheckIncludeFile.c.o
/Applications/Xcode.app/Contents/Developer/Toolchains/XcodeDefault.xctoolchain/usr/bin/cc   -fno-exceptions -fno-strict-aliasing -Qunused-arguments    -o CMakeFiles/cmTC_d651a.dir/CheckIncludeFile.c.o   -c /Users/bond/braid/webkit/CMakeFiles/CMakeTmp/CheckIncludeFile.c
/Users/bond/braid/webkit/CMakeFiles/CMakeTmp/CheckIncludeFile.c:1:10: fatal error: 'pthread_np.h' file not found
#include <pthread_np.h>
         ^
1 error generated.
make[1]: *** [CMakeFiles/cmTC_d651a.dir/CheckIncludeFile.c.o] Error 1
make: *** [cmTC_d651a/fast] Error 2


Determining if the function _aligned_malloc exists failed with the following output:
Change Dir: /Users/bond/braid/webkit/CMakeFiles/CMakeTmp

Run Build Command:"/usr/bin/make" "cmTC_2a916/fast"
/Applications/Xcode.app/Contents/Developer/usr/bin/make -f CMakeFiles/cmTC_2a916.dir/build.make CMakeFiles/cmTC_2a916.dir/build
Building C object CMakeFiles/cmTC_2a916.dir/CheckFunctionExists.c.o
/Applications/Xcode.app/Contents/Developer/Toolchains/XcodeDefault.xctoolchain/usr/bin/cc   -fno-exceptions -fno-strict-aliasing -Qunused-arguments -DCHECK_FUNCTION_EXISTS=_aligned_malloc   -o CMakeFiles/cmTC_2a916.dir/CheckFunctionExists.c.o   -c /usr/local/Cellar/cmake/3.8.1/share/cmake/Modules/CheckFunctionExists.c
Linking C executable cmTC_2a916
/usr/local/Cellar/cmake/3.8.1/bin/cmake -E cmake_link_script CMakeFiles/cmTC_2a916.dir/link.txt --verbose=1
/Applications/Xcode.app/Contents/Developer/Toolchains/XcodeDefault.xctoolchain/usr/bin/cc  -fno-exceptions -fno-strict-aliasing -Qunused-arguments -DCHECK_FUNCTION_EXISTS=_aligned_malloc -Wl,-search_paths_first -Wl,-headerpad_max_install_names   CMakeFiles/cmTC_2a916.dir/CheckFunctionExists.c.o  -o cmTC_2a916 
Undefined symbols for architecture x86_64:
  "__aligned_malloc", referenced from:
      _main in CheckFunctionExists.c.o
ld: symbol(s) not found for architecture x86_64
clang: error: linker command failed with exit code 1 (use -v to see invocation)
make[1]: *** [cmTC_2a916] Error 1
make: *** [cmTC_2a916/fast] Error 2


Determining if the function IsDebuggerPresent exists failed with the following output:
Change Dir: /Users/bond/braid/webkit/CMakeFiles/CMakeTmp

Run Build Command:"/usr/bin/make" "cmTC_a3fa7/fast"
/Applications/Xcode.app/Contents/Developer/usr/bin/make -f CMakeFiles/cmTC_a3fa7.dir/build.make CMakeFiles/cmTC_a3fa7.dir/build
Building C object CMakeFiles/cmTC_a3fa7.dir/CheckFunctionExists.c.o
/Applications/Xcode.app/Contents/Developer/Toolchains/XcodeDefault.xctoolchain/usr/bin/cc   -fno-exceptions -fno-strict-aliasing -Qunused-arguments -DCHECK_FUNCTION_EXISTS=IsDebuggerPresent   -o CMakeFiles/cmTC_a3fa7.dir/CheckFunctionExists.c.o   -c /usr/local/Cellar/cmake/3.8.1/share/cmake/Modules/CheckFunctionExists.c
Linking C executable cmTC_a3fa7
/usr/local/Cellar/cmake/3.8.1/bin/cmake -E cmake_link_script CMakeFiles/cmTC_a3fa7.dir/link.txt --verbose=1
/Applications/Xcode.app/Contents/Developer/Toolchains/XcodeDefault.xctoolchain/usr/bin/cc  -fno-exceptions -fno-strict-aliasing -Qunused-arguments -DCHECK_FUNCTION_EXISTS=IsDebuggerPresent -Wl,-search_paths_first -Wl,-headerpad_max_install_names   CMakeFiles/cmTC_a3fa7.dir/CheckFunctionExists.c.o  -o cmTC_a3fa7 
Undefined symbols for architecture x86_64:
  "_IsDebuggerPresent", referenced from:
      _main in CheckFunctionExists.c.o
ld: symbol(s) not found for architecture x86_64
clang: error: linker command failed with exit code 1 (use -v to see invocation)
make[1]: *** [cmTC_a3fa7] Error 1
make: *** [cmTC_a3fa7/fast] Error 2


